{"/Users/vinxenc/Desktop/personal/aws-cdk-template/src/lambda/http/openApi/swagger-ui/index.d.ts": {"path":"/Users/vinxenc/Desktop/personal/aws-cdk-template/src/lambda/http/openApi/swagger-ui/index.d.ts","statementMap":{},"fnMap":{},"branchMap":{},"s":{},"f":{},"b":{},"inputSourceMap":null}
,"/Users/vinxenc/Desktop/personal/aws-cdk-template/src/lambda/http/openApi/swagger-ui/index.js": {"path":"/Users/vinxenc/Desktop/personal/aws-cdk-template/src/lambda/http/openApi/swagger-ui/index.js","statementMap":{"0":{"start":{"line":12,"column":16},"end":{"line":12,"column":34}},"1":{"start":{"line":13,"column":18},"end":{"line":13,"column":44}},"2":{"start":{"line":15,"column":2},"end":{"line":16,"column":81}},"3":{"start":{"line":17,"column":18},"end":{"line":17,"column":20}},"4":{"start":{"line":19,"column":22},"end":{"line":98,"column":1}},"5":{"start":{"line":100,"column":20},"end":{"line":144,"column":1}},"6":{"start":{"line":146,"column":21},"end":{"line":215,"column":1}},"7":{"start":{"line":161,"column":2},"end":{"line":174,"column":3}},"8":{"start":{"line":162,"column":4},"end":{"line":162,"column":34}},"9":{"start":{"line":163,"column":4},"end":{"line":163,"column":31}},"10":{"start":{"line":164,"column":4},"end":{"line":164,"column":29}},"11":{"start":{"line":165,"column":4},"end":{"line":165,"column":39}},"12":{"start":{"line":166,"column":4},"end":{"line":166,"column":33}},"13":{"start":{"line":167,"column":4},"end":{"line":167,"column":35}},"14":{"start":{"line":168,"column":4},"end":{"line":168,"column":48}},"15":{"start":{"line":169,"column":4},"end":{"line":169,"column":43}},"16":{"start":{"line":170,"column":4},"end":{"line":170,"column":37}},"17":{"start":{"line":173,"column":4},"end":{"line":173,"column":22}},"18":{"start":{"line":175,"column":2},"end":{"line":175,"column":26}},"19":{"start":{"line":176,"column":25},"end":{"line":178,"column":67}},"20":{"start":{"line":179,"column":2},"end":{"line":179,"column":65}},"21":{"start":{"line":180,"column":2},"end":{"line":180,"column":41}},"22":{"start":{"line":181,"column":2},"end":{"line":181,"column":52}},"23":{"start":{"line":182,"column":2},"end":{"line":182,"column":51}},"24":{"start":{"line":183,"column":2},"end":{"line":183,"column":45}},"25":{"start":{"line":185,"column":24},"end":{"line":187,"column":17}},"26":{"start":{"line":188,"column":28},"end":{"line":190,"column":42}},"27":{"start":{"line":191,"column":26},"end":{"line":194,"column":3}},"28":{"start":{"line":195,"column":27},"end":{"line":198,"column":3}},"29":{"start":{"line":199,"column":31},"end":{"line":202,"column":3}},"30":{"start":{"line":204,"column":22},"end":{"line":209,"column":3}},"31":{"start":{"line":211,"column":2},"end":{"line":213,"column":61}},"32":{"start":{"line":214,"column":2},"end":{"line":214,"column":70}},"33":{"start":{"line":217,"column":14},"end":{"line":255,"column":1}},"34":{"start":{"line":226,"column":15},"end":{"line":236,"column":3}},"35":{"start":{"line":237,"column":2},"end":{"line":254,"column":4}},"36":{"start":{"line":238,"column":4},"end":{"line":253,"column":5}},"37":{"start":{"line":239,"column":22},"end":{"line":249,"column":7}},"38":{"start":{"line":250,"column":6},"end":{"line":250,"column":24}},"39":{"start":{"line":252,"column":6},"end":{"line":252,"column":21}},"40":{"start":{"line":258,"column":2},"end":{"line":265,"column":3}},"41":{"start":{"line":259,"column":4},"end":{"line":259,"column":24}},"42":{"start":{"line":260,"column":9},"end":{"line":265,"column":3}},"43":{"start":{"line":261,"column":4},"end":{"line":261,"column":54}},"44":{"start":{"line":262,"column":4},"end":{"line":262,"column":26}},"45":{"start":{"line":264,"column":4},"end":{"line":264,"column":11}},"46":{"start":{"line":268,"column":28},"end":{"line":282,"column":1}},"47":{"start":{"line":269,"column":26},"end":{"line":271,"column":53}},"48":{"start":{"line":272,"column":2},"end":{"line":281,"column":4}},"49":{"start":{"line":273,"column":4},"end":{"line":280,"column":5}},"50":{"start":{"line":274,"column":6},"end":{"line":274,"column":26}},"51":{"start":{"line":275,"column":11},"end":{"line":280,"column":5}},"52":{"start":{"line":276,"column":6},"end":{"line":276,"column":56}},"53":{"start":{"line":277,"column":6},"end":{"line":277,"column":32}},"54":{"start":{"line":279,"column":6},"end":{"line":279,"column":13}},"55":{"start":{"line":284,"column":31},"end":{"line":288,"column":1}},"56":{"start":{"line":285,"column":15},"end":{"line":285,"column":28}},"57":{"start":{"line":286,"column":2},"end":{"line":286,"column":21}},"58":{"start":{"line":287,"column":2},"end":{"line":287,"column":61}},"59":{"start":{"line":290,"column":19},"end":{"line":300,"column":1}},"60":{"start":{"line":291,"column":2},"end":{"line":291,"column":20}},"61":{"start":{"line":292,"column":22},"end":{"line":297,"column":3}},"62":{"start":{"line":298,"column":30},"end":{"line":298,"column":74}},"63":{"start":{"line":299,"column":2},"end":{"line":299,"column":57}},"64":{"start":{"line":302,"column":14},"end":{"line":302,"column":55}},"65":{"start":{"line":303,"column":25},"end":{"line":306,"column":1}},"66":{"start":{"line":303,"column":38},"end":{"line":306,"column":1}},"67":{"start":{"line":308,"column":18},"end":{"line":326,"column":1}},"68":{"start":{"line":309,"column":22},"end":{"line":309,"column":51}},"69":{"start":{"line":310,"column":14},"end":{"line":310,"column":16}},"70":{"start":{"line":311,"column":13},"end":{"line":321,"column":3}},"71":{"start":{"line":314,"column":6},"end":{"line":317,"column":7}},"72":{"start":{"line":315,"column":8},"end":{"line":315,"column":24}},"73":{"start":{"line":316,"column":8},"end":{"line":316,"column":27}},"74":{"start":{"line":318,"column":6},"end":{"line":318,"column":19}},"75":{"start":{"line":322,"column":2},"end":{"line":324,"column":5}},"76":{"start":{"line":323,"column":4},"end":{"line":323,"column":23}},"77":{"start":{"line":325,"column":2},"end":{"line":325,"column":39}},"78":{"start":{"line":328,"column":0},"end":{"line":334,"column":2}}},"fnMap":{"0":{"name":"(anonymous_0)","decl":{"start":{"line":146,"column":21},"end":{"line":146,"column":22}},"loc":{"start":{"line":156,"column":2},"end":{"line":215,"column":1}},"line":156},"1":{"name":"(anonymous_1)","decl":{"start":{"line":217,"column":14},"end":{"line":217,"column":15}},"loc":{"start":{"line":225,"column":2},"end":{"line":255,"column":1}},"line":225},"2":{"name":"(anonymous_2)","decl":{"start":{"line":237,"column":9},"end":{"line":237,"column":10}},"loc":{"start":{"line":237,"column":29},"end":{"line":254,"column":3}},"line":237},"3":{"name":"swaggerInitFn","decl":{"start":{"line":257,"column":9},"end":{"line":257,"column":22}},"loc":{"start":{"line":257,"column":39},"end":{"line":266,"column":1}},"line":257},"4":{"name":"(anonymous_4)","decl":{"start":{"line":268,"column":28},"end":{"line":268,"column":29}},"loc":{"start":{"line":268,"column":56},"end":{"line":282,"column":1}},"line":268},"5":{"name":"(anonymous_5)","decl":{"start":{"line":272,"column":9},"end":{"line":272,"column":10}},"loc":{"start":{"line":272,"column":35},"end":{"line":281,"column":3}},"line":272},"6":{"name":"(anonymous_6)","decl":{"start":{"line":284,"column":31},"end":{"line":284,"column":32}},"loc":{"start":{"line":284,"column":44},"end":{"line":288,"column":1}},"line":284},"7":{"name":"(anonymous_7)","decl":{"start":{"line":290,"column":19},"end":{"line":290,"column":20}},"loc":{"start":{"line":290,"column":47},"end":{"line":300,"column":1}},"line":290},"8":{"name":"(anonymous_8)","decl":{"start":{"line":303,"column":25},"end":{"line":303,"column":26}},"loc":{"start":{"line":303,"column":38},"end":{"line":306,"column":1}},"line":303},"9":{"name":"(anonymous_9)","decl":{"start":{"line":308,"column":18},"end":{"line":308,"column":19}},"loc":{"start":{"line":308,"column":39},"end":{"line":326,"column":1}},"line":308},"10":{"name":"(anonymous_10)","decl":{"start":{"line":313,"column":4},"end":{"line":313,"column":5}},"loc":{"start":{"line":313,"column":26},"end":{"line":319,"column":5}},"line":313},"11":{"name":"(anonymous_11)","decl":{"start":{"line":322,"column":64},"end":{"line":322,"column":65}},"loc":{"start":{"line":322,"column":77},"end":{"line":324,"column":3}},"line":322}},"branchMap":{"0":{"loc":{"start":{"line":161,"column":2},"end":{"line":174,"column":3}},"type":"if","locations":[{"start":{"line":161,"column":2},"end":{"line":174,"column":3}},{"start":{"line":171,"column":9},"end":{"line":174,"column":3}}],"line":161},"1":{"loc":{"start":{"line":161,"column":6},"end":{"line":161,"column":38}},"type":"binary-expr","locations":[{"start":{"line":161,"column":6},"end":{"line":161,"column":10}},{"start":{"line":161,"column":14},"end":{"line":161,"column":38}}],"line":161},"2":{"loc":{"start":{"line":168,"column":17},"end":{"line":168,"column":47}},"type":"binary-expr","locations":[{"start":{"line":168,"column":17},"end":{"line":168,"column":30}},{"start":{"line":168,"column":34},"end":{"line":168,"column":47}}],"line":168},"3":{"loc":{"start":{"line":175,"column":12},"end":{"line":175,"column":25}},"type":"binary-expr","locations":[{"start":{"line":175,"column":12},"end":{"line":175,"column":19}},{"start":{"line":175,"column":23},"end":{"line":175,"column":25}}],"line":175},"4":{"loc":{"start":{"line":176,"column":25},"end":{"line":178,"column":67}},"type":"cond-expr","locations":[{"start":{"line":177,"column":6},"end":{"line":177,"column":8}},{"start":{"line":178,"column":6},"end":{"line":178,"column":67}}],"line":176},"5":{"loc":{"start":{"line":179,"column":14},"end":{"line":179,"column":64}},"type":"binary-expr","locations":[{"start":{"line":179,"column":14},"end":{"line":179,"column":46}},{"start":{"line":179,"column":50},"end":{"line":179,"column":64}}],"line":179},"6":{"loc":{"start":{"line":180,"column":18},"end":{"line":180,"column":40}},"type":"binary-expr","locations":[{"start":{"line":180,"column":18},"end":{"line":180,"column":31}},{"start":{"line":180,"column":35},"end":{"line":180,"column":40}}],"line":180},"7":{"loc":{"start":{"line":181,"column":20},"end":{"line":181,"column":51}},"type":"binary-expr","locations":[{"start":{"line":181,"column":20},"end":{"line":181,"column":35}},{"start":{"line":181,"column":39},"end":{"line":181,"column":51}}],"line":181},"8":{"loc":{"start":{"line":182,"column":19},"end":{"line":182,"column":50}},"type":"binary-expr","locations":[{"start":{"line":182,"column":19},"end":{"line":182,"column":33}},{"start":{"line":182,"column":37},"end":{"line":182,"column":50}}],"line":182},"9":{"loc":{"start":{"line":183,"column":17},"end":{"line":183,"column":44}},"type":"binary-expr","locations":[{"start":{"line":183,"column":17},"end":{"line":183,"column":29}},{"start":{"line":183,"column":33},"end":{"line":183,"column":44}}],"line":183},"10":{"loc":{"start":{"line":185,"column":24},"end":{"line":187,"column":17}},"type":"cond-expr","locations":[{"start":{"line":186,"column":6},"end":{"line":186,"column":56}},{"start":{"line":187,"column":6},"end":{"line":187,"column":17}}],"line":185},"11":{"loc":{"start":{"line":197,"column":4},"end":{"line":197,"column":57}},"type":"cond-expr","locations":[{"start":{"line":197,"column":15},"end":{"line":197,"column":52}},{"start":{"line":197,"column":55},"end":{"line":197,"column":57}}],"line":197},"12":{"loc":{"start":{"line":201,"column":4},"end":{"line":201,"column":72}},"type":"cond-expr","locations":[{"start":{"line":201,"column":19},"end":{"line":201,"column":67}},{"start":{"line":201,"column":70},"end":{"line":201,"column":72}}],"line":201},"13":{"loc":{"start":{"line":205,"column":16},"end":{"line":205,"column":39}},"type":"binary-expr","locations":[{"start":{"line":205,"column":16},"end":{"line":205,"column":26}},{"start":{"line":205,"column":30},"end":{"line":205,"column":39}}],"line":205},"14":{"loc":{"start":{"line":207,"column":16},"end":{"line":207,"column":39}},"type":"binary-expr","locations":[{"start":{"line":207,"column":16},"end":{"line":207,"column":26}},{"start":{"line":207,"column":30},"end":{"line":207,"column":39}}],"line":207},"15":{"loc":{"start":{"line":208,"column":17},"end":{"line":208,"column":41}},"type":"binary-expr","locations":[{"start":{"line":208,"column":17},"end":{"line":208,"column":28}},{"start":{"line":208,"column":32},"end":{"line":208,"column":41}}],"line":208},"16":{"loc":{"start":{"line":238,"column":4},"end":{"line":253,"column":5}},"type":"if","locations":[{"start":{"line":238,"column":4},"end":{"line":253,"column":5}},{"start":{"line":251,"column":11},"end":{"line":253,"column":5}}],"line":238},"17":{"loc":{"start":{"line":258,"column":2},"end":{"line":265,"column":3}},"type":"if","locations":[{"start":{"line":258,"column":2},"end":{"line":265,"column":3}},{"start":{"line":260,"column":9},"end":{"line":265,"column":3}}],"line":258},"18":{"loc":{"start":{"line":260,"column":9},"end":{"line":265,"column":3}},"type":"if","locations":[{"start":{"line":260,"column":9},"end":{"line":265,"column":3}},{"start":{"line":263,"column":9},"end":{"line":265,"column":3}}],"line":260},"19":{"loc":{"start":{"line":273,"column":4},"end":{"line":280,"column":5}},"type":"if","locations":[{"start":{"line":273,"column":4},"end":{"line":280,"column":5}},{"start":{"line":275,"column":11},"end":{"line":280,"column":5}}],"line":273},"20":{"loc":{"start":{"line":275,"column":11},"end":{"line":280,"column":5}},"type":"if","locations":[{"start":{"line":275,"column":11},"end":{"line":280,"column":5}},{"start":{"line":278,"column":11},"end":{"line":280,"column":5}}],"line":275},"21":{"loc":{"start":{"line":285,"column":15},"end":{"line":285,"column":28}},"type":"binary-expr","locations":[{"start":{"line":285,"column":15},"end":{"line":285,"column":22}},{"start":{"line":285,"column":26},"end":{"line":285,"column":28}}],"line":285},"22":{"loc":{"start":{"line":291,"column":9},"end":{"line":291,"column":19}},"type":"binary-expr","locations":[{"start":{"line":291,"column":9},"end":{"line":291,"column":13}},{"start":{"line":291,"column":17},"end":{"line":291,"column":19}}],"line":291},"23":{"loc":{"start":{"line":293,"column":16},"end":{"line":293,"column":39}},"type":"binary-expr","locations":[{"start":{"line":293,"column":16},"end":{"line":293,"column":26}},{"start":{"line":293,"column":30},"end":{"line":293,"column":39}}],"line":293},"24":{"loc":{"start":{"line":294,"column":19},"end":{"line":294,"column":44}},"type":"binary-expr","locations":[{"start":{"line":294,"column":19},"end":{"line":294,"column":38}},{"start":{"line":294,"column":42},"end":{"line":294,"column":44}}],"line":294},"25":{"loc":{"start":{"line":295,"column":16},"end":{"line":295,"column":37}},"type":"binary-expr","locations":[{"start":{"line":295,"column":16},"end":{"line":295,"column":31}},{"start":{"line":295,"column":35},"end":{"line":295,"column":37}}],"line":295},"26":{"loc":{"start":{"line":296,"column":17},"end":{"line":296,"column":46}},"type":"binary-expr","locations":[{"start":{"line":296,"column":17},"end":{"line":296,"column":33}},{"start":{"line":296,"column":37},"end":{"line":296,"column":46}}],"line":296},"27":{"loc":{"start":{"line":314,"column":6},"end":{"line":317,"column":7}},"type":"if","locations":[{"start":{"line":314,"column":6},"end":{"line":317,"column":7}},{"start":{},"end":{}}],"line":314}},"s":{"0":0,"1":0,"2":0,"3":0,"4":0,"5":0,"6":0,"7":0,"8":0,"9":0,"10":0,"11":0,"12":0,"13":0,"14":0,"15":0,"16":0,"17":0,"18":0,"19":0,"20":0,"21":0,"22":0,"23":0,"24":0,"25":0,"26":0,"27":0,"28":0,"29":0,"30":0,"31":0,"32":0,"33":0,"34":0,"35":0,"36":0,"37":0,"38":0,"39":0,"40":0,"41":0,"42":0,"43":0,"44":0,"45":0,"46":0,"47":0,"48":0,"49":0,"50":0,"51":0,"52":0,"53":0,"54":0,"55":0,"56":0,"57":0,"58":0,"59":0,"60":0,"61":0,"62":0,"63":0,"64":0,"65":0,"66":0,"67":0,"68":0,"69":0,"70":0,"71":0,"72":0,"73":0,"74":0,"75":0,"76":0,"77":0,"78":0},"f":{"0":0,"1":0,"2":0,"3":0,"4":0,"5":0,"6":0,"7":0,"8":0,"9":0,"10":0,"11":0},"b":{"0":[0,0],"1":[0,0],"2":[0,0],"3":[0,0],"4":[0,0],"5":[0,0],"6":[0,0],"7":[0,0],"8":[0,0],"9":[0,0],"10":[0,0],"11":[0,0],"12":[0,0],"13":[0,0],"14":[0,0],"15":[0,0],"16":[0,0],"17":[0,0],"18":[0,0],"19":[0,0],"20":[0,0],"21":[0,0],"22":[0,0],"23":[0,0],"24":[0,0],"25":[0,0],"26":[0,0],"27":[0,0]},"inputSourceMap":null}
,"/Users/vinxenc/Desktop/personal/aws-cdk-template/src/lambda/http/user/createUser/index.ts": {"path":"/Users/vinxenc/Desktop/personal/aws-cdk-template/src/lambda/http/user/createUser/index.ts","statementMap":{"0":{"start":{"line":1,"column":0},"end":{"line":1,"column":50}},"1":{"start":{"line":2,"column":0},"end":{"line":2,"column":44}},"2":{"start":{"line":3,"column":0},"end":{"line":3,"column":36}},"3":{"start":{"line":5,"column":61},"end":{"line":9,"column":2}},"4":{"start":{"line":11,"column":13},"end":{"line":11,"column":47}}},"fnMap":{},"branchMap":{},"s":{"0":0,"1":0,"2":0,"3":0,"4":0},"f":{},"b":{}}
,"/Users/vinxenc/Desktop/personal/aws-cdk-template/src/lambda/http/user/createUser/usecase.ts": {"path":"/Users/vinxenc/Desktop/personal/aws-cdk-template/src/lambda/http/user/createUser/usecase.ts","statementMap":{"0":{"start":{"line":4,"column":13},"end":{"line":18,"column":2}},"1":{"start":{"line":8,"column":1},"end":{"line":8,"column":29}},"2":{"start":{"line":9,"column":14},"end":{"line":9,"column":24}},"3":{"start":{"line":10,"column":13},"end":{"line":10,"column":27}},"4":{"start":{"line":11,"column":16},"end":{"line":16,"column":3}},"5":{"start":{"line":17,"column":1},"end":{"line":17,"column":25}}},"fnMap":{"0":{"name":"(anonymous_0)","decl":{"start":{"line":4,"column":23},"end":{"line":4,"column":28}},"loc":{"start":{"line":7,"column":38},"end":{"line":18,"column":1}}}},"branchMap":{},"s":{"0":0,"1":0,"2":0,"3":0,"4":0,"5":0},"f":{"0":0},"b":{}}
,"/Users/vinxenc/Desktop/personal/aws-cdk-template/src/lambda/http/user/createUser/validator.ts": {"path":"/Users/vinxenc/Desktop/personal/aws-cdk-template/src/lambda/http/user/createUser/validator.ts","statementMap":{"0":{"start":{"line":1,"column":0},"end":{"line":1,"column":62}},"1":{"start":{"line":4,"column":0},"end":{"line":9,"column":null}},"2":{"start":{"line":6,"column":1},"end":{"line":6,"column":null}},"3":{"start":{"line":8,"column":1},"end":{"line":8,"column":null}},"4":{"start":{"line":4,"column":13},"end":{"line":9,"column":null}},"5":{"start":{"line":4,"column":13},"end":{"line":4,"column":26}}},"fnMap":{},"branchMap":{},"s":{"0":0,"1":0,"2":0,"3":0,"4":0,"5":0},"f":{},"b":{}}
,"/Users/vinxenc/Desktop/personal/aws-cdk-template/src/lambda/http/user/getUser/index.ts": {"path":"/Users/vinxenc/Desktop/personal/aws-cdk-template/src/lambda/http/user/getUser/index.ts","statementMap":{"0":{"start":{"line":1,"column":0},"end":{"line":1,"column":50}},"1":{"start":{"line":3,"column":0},"end":{"line":3,"column":36}},"2":{"start":{"line":5,"column":59},"end":{"line":8,"column":2}},"3":{"start":{"line":10,"column":13},"end":{"line":10,"column":47}}},"fnMap":{},"branchMap":{},"s":{"0":0,"1":0,"2":0,"3":0},"f":{},"b":{}}
,"/Users/vinxenc/Desktop/personal/aws-cdk-template/src/lambda/http/user/getUser/validator.ts": {"path":"/Users/vinxenc/Desktop/personal/aws-cdk-template/src/lambda/http/user/getUser/validator.ts","statementMap":{"0":{"start":{"line":1,"column":0},"end":{"line":1,"column":62}},"1":{"start":{"line":4,"column":0},"end":{"line":7,"column":null}},"2":{"start":{"line":6,"column":1},"end":{"line":6,"column":null}},"3":{"start":{"line":4,"column":13},"end":{"line":7,"column":null}},"4":{"start":{"line":4,"column":13},"end":{"line":4,"column":24}}},"fnMap":{},"branchMap":{},"s":{"0":0,"1":0,"2":0,"3":0,"4":0},"f":{},"b":{}}
}
