TN:
SF:src/lambda/http/openApi/swagger-ui/index.d.ts
FNF:0
FNH:0
LF:0
LH:0
BRF:0
BRH:0
end_of_record
TN:
SF:src/lambda/http/openApi/swagger-ui/index.js
FN:146,(anonymous_0)
FN:217,(anonymous_1)
FN:237,(anonymous_2)
FN:257,swaggerInitFn
FN:268,(anonymous_4)
FN:272,(anonymous_5)
FN:284,(anonymous_6)
FN:290,(anonymous_7)
FN:303,(anonymous_8)
FN:308,(anonymous_9)
FN:313,(anonymous_10)
FN:322,(anonymous_11)
FNF:12
FNH:0
FNDA:0,(anonymous_0)
FNDA:0,(anonymous_1)
FNDA:0,(anonymous_2)
FNDA:0,swaggerInitFn
FNDA:0,(anonymous_4)
FNDA:0,(anonymous_5)
FNDA:0,(anonymous_6)
FNDA:0,(anonymous_7)
FNDA:0,(anonymous_8)
FNDA:0,(anonymous_9)
FNDA:0,(anonymous_10)
FNDA:0,(anonymous_11)
DA:12,0
DA:13,0
DA:15,0
DA:17,0
DA:19,0
DA:100,0
DA:146,0
DA:161,0
DA:162,0
DA:163,0
DA:164,0
DA:165,0
DA:166,0
DA:167,0
DA:168,0
DA:169,0
DA:170,0
DA:173,0
DA:175,0
DA:176,0
DA:179,0
DA:180,0
DA:181,0
DA:182,0
DA:183,0
DA:185,0
DA:188,0
DA:191,0
DA:195,0
DA:199,0
DA:204,0
DA:211,0
DA:214,0
DA:217,0
DA:226,0
DA:237,0
DA:238,0
DA:239,0
DA:250,0
DA:252,0
DA:258,0
DA:259,0
DA:260,0
DA:261,0
DA:262,0
DA:264,0
DA:268,0
DA:269,0
DA:272,0
DA:273,0
DA:274,0
DA:275,0
DA:276,0
DA:277,0
DA:279,0
DA:284,0
DA:285,0
DA:286,0
DA:287,0
DA:290,0
DA:291,0
DA:292,0
DA:298,0
DA:299,0
DA:302,0
DA:303,0
DA:308,0
DA:309,0
DA:310,0
DA:311,0
DA:314,0
DA:315,0
DA:316,0
DA:318,0
DA:322,0
DA:323,0
DA:325,0
DA:328,0
LF:78
LH:0
BRDA:161,0,0,0
BRDA:161,0,1,0
BRDA:161,1,0,0
BRDA:161,1,1,0
BRDA:168,2,0,0
BRDA:168,2,1,0
BRDA:175,3,0,0
BRDA:175,3,1,0
BRDA:176,4,0,0
BRDA:176,4,1,0
BRDA:179,5,0,0
BRDA:179,5,1,0
BRDA:180,6,0,0
BRDA:180,6,1,0
BRDA:181,7,0,0
BRDA:181,7,1,0
BRDA:182,8,0,0
BRDA:182,8,1,0
BRDA:183,9,0,0
BRDA:183,9,1,0
BRDA:185,10,0,0
BRDA:185,10,1,0
BRDA:197,11,0,0
BRDA:197,11,1,0
BRDA:201,12,0,0
BRDA:201,12,1,0
BRDA:205,13,0,0
BRDA:205,13,1,0
BRDA:207,14,0,0
BRDA:207,14,1,0
BRDA:208,15,0,0
BRDA:208,15,1,0
BRDA:238,16,0,0
BRDA:238,16,1,0
BRDA:258,17,0,0
BRDA:258,17,1,0
BRDA:260,18,0,0
BRDA:260,18,1,0
BRDA:273,19,0,0
BRDA:273,19,1,0
BRDA:275,20,0,0
BRDA:275,20,1,0
BRDA:285,21,0,0
BRDA:285,21,1,0
BRDA:291,22,0,0
BRDA:291,22,1,0
BRDA:293,23,0,0
BRDA:293,23,1,0
BRDA:294,24,0,0
BRDA:294,24,1,0
BRDA:295,25,0,0
BRDA:295,25,1,0
BRDA:296,26,0,0
BRDA:296,26,1,0
BRDA:314,27,0,0
BRDA:314,27,1,0
BRF:56
BRH:0
end_of_record
TN:
SF:src/lambda/http/user/createUser/index.ts
FNF:0
FNH:0
DA:1,0
DA:2,0
DA:3,0
DA:5,0
DA:11,0
LF:5
LH:0
BRF:0
BRH:0
end_of_record
TN:
SF:src/lambda/http/user/createUser/usecase.ts
FN:4,(anonymous_0)
FNF:1
FNH:0
FNDA:0,(anonymous_0)
DA:4,0
DA:8,0
DA:9,0
DA:10,0
DA:11,0
DA:17,0
LF:6
LH:0
BRF:0
BRH:0
end_of_record
TN:
SF:src/lambda/http/user/createUser/validator.ts
FNF:0
FNH:0
DA:1,0
DA:4,0
DA:6,0
DA:8,0
LF:4
LH:0
BRF:0
BRH:0
end_of_record
TN:
SF:src/lambda/http/user/getUser/index.ts
FNF:0
FNH:0
DA:1,0
DA:3,0
DA:5,0
DA:10,0
LF:4
LH:0
BRF:0
BRH:0
end_of_record
TN:
SF:src/lambda/http/user/getUser/validator.ts
FNF:0
FNH:0
DA:1,0
DA:4,0
DA:6,0
LF:3
LH:0
BRF:0
BRH:0
end_of_record
